[2013-03-15 15:31:35] request.ERROR: Uncaught PHP Exception Symfony\Component\HttpKernel\Exception\NotFoundHttpException: "No route found for "GET /bundles/framework/images/input_bg.gif"" at C:\wamp\www\fcpruisens\vendor\symfony\symfony\src\Symfony\Component\HttpKernel\EventListener\RouterListener.php line 94 [] []
[2013-03-15 18:43:01] request.ERROR: Uncaught PHP Exception Symfony\Component\HttpKernel\Exception\NotFoundHttpException: "No route found for "GET /bundles/framework/images/input_bg.gif"" at C:\wamp\www\fcpruisens\vendor\symfony\symfony\src\Symfony\Component\HttpKernel\EventListener\RouterListener.php line 94 [] []
[2013-03-15 18:46:10] request.ERROR: Uncaught PHP Exception Symfony\Component\HttpKernel\Exception\NotFoundHttpException: "No route found for "GET /"" at C:\wamp\www\fcpruisens\app\cache\prod\classes.php line 3599 [] []
[2013-03-15 18:46:32] request.ERROR: Uncaught PHP Exception Symfony\Component\HttpKernel\Exception\NotFoundHttpException: "No route found for "GET /hello/ryan"" at C:\wamp\www\fcpruisens\app\cache\prod\classes.php line 3599 [] []
[2013-03-15 18:47:24] request.ERROR: Uncaught PHP Exception Symfony\Component\HttpKernel\Exception\NotFoundHttpException: "No route found for "GET /hello/index"" at C:\wamp\www\fcpruisens\app\cache\prod\classes.php line 3599 [] []
[2013-03-15 18:47:27] request.ERROR: Uncaught PHP Exception Symfony\Component\HttpKernel\Exception\NotFoundHttpException: "No route found for "GET /hello/default/index"" at C:\wamp\www\fcpruisens\app\cache\prod\classes.php line 3599 [] []
[2013-03-15 18:53:37] request.ERROR: Uncaught PHP Exception Symfony\Component\HttpKernel\Exception\NotFoundHttpException: "No route found for "GET /hello/Nicolas"" at C:\wamp\www\fcpruisens\app\cache\prod\classes.php line 3599 [] []
[2013-03-15 18:54:08] request.ERROR: Uncaught PHP Exception Symfony\Component\HttpKernel\Exception\NotFoundHttpException: "No route found for "GET /hello/Nicolas"" at C:\wamp\www\fcpruisens\app\cache\prod\classes.php line 3599 [] []
[2013-03-15 18:54:09] request.ERROR: Uncaught PHP Exception Symfony\Component\HttpKernel\Exception\NotFoundHttpException: "No route found for "GET /hello/Nicolas"" at C:\wamp\www\fcpruisens\app\cache\prod\classes.php line 3599 [] []
[2013-03-15 18:54:09] request.ERROR: Uncaught PHP Exception Symfony\Component\HttpKernel\Exception\NotFoundHttpException: "No route found for "GET /hello/Nicolas"" at C:\wamp\www\fcpruisens\app\cache\prod\classes.php line 3599 [] []
[2013-03-15 18:54:10] request.ERROR: Uncaught PHP Exception Symfony\Component\HttpKernel\Exception\NotFoundHttpException: "No route found for "GET /hello/Nicolas"" at C:\wamp\www\fcpruisens\app\cache\prod\classes.php line 3599 [] []
[2013-03-15 18:54:10] request.ERROR: Uncaught PHP Exception Symfony\Component\HttpKernel\Exception\NotFoundHttpException: "No route found for "GET /hello/Nicolas"" at C:\wamp\www\fcpruisens\app\cache\prod\classes.php line 3599 [] []
[2013-03-15 18:54:10] request.ERROR: Uncaught PHP Exception Symfony\Component\HttpKernel\Exception\NotFoundHttpException: "No route found for "GET /hello/Nicolas"" at C:\wamp\www\fcpruisens\app\cache\prod\classes.php line 3599 [] []
[2013-03-15 20:11:00] request.ERROR: Uncaught PHP Exception Symfony\Component\HttpKernel\Exception\NotFoundHttpException: "No route found for "GET /site/index"" at C:\wamp\www\fcpruisens\app\cache\prod\classes.php line 3599 [] []
[2013-03-15 20:11:00] request.ERROR: Exception thrown when handling an exception (Twig_Error_Loader: The "C:\wamp\www\fcpruisens\src\Acme\HelloBundle/Resources/views" directory does not exist.) [] []
[2013-03-15 20:11:20] request.ERROR: Uncaught PHP Exception Symfony\Component\HttpKernel\Exception\NotFoundHttpException: "No route found for "GET /app_test.php/site/index"" at C:\wamp\www\fcpruisens\app\cache\prod\classes.php line 3599 [] []
[2013-03-16 19:21:39] request.ERROR: Uncaught PHP Exception Symfony\Component\HttpKernel\Exception\NotFoundHttpException: "No route found for "GET /css/gumby.css"" at C:\wamp\www\fcpruisens\app\cache\prod\classes.php line 3599 [] []
[2013-03-16 22:18:42] request.ERROR: Uncaught PHP Exception Symfony\Component\HttpKernel\Exception\NotFoundHttpException: "No route found for "GET /bundles/framework/images/input_bg.gif"" at C:\wamp\www\fcpruisens\app\cache\prod\classes.php line 3599 [] []
[2013-03-17 17:47:00] request.ERROR: Uncaught PHP Exception Symfony\Component\HttpKernel\Exception\NotFoundHttpException: "No route found for "GET /"" at C:\wamp\www\fcpruisens\app\cache\prod\classes.php line 3599 [] []
[2013-03-17 17:48:08] request.ERROR: Uncaught PHP Exception Symfony\Component\HttpKernel\Exception\NotFoundHttpException: "No route found for "GET /bundles/framework/images/input_bg.gif"" at C:\wamp\www\fcpruisens\app\cache\prod\classes.php line 3599 [] []
[2013-03-23 19:41:28] request.ERROR: Uncaught PHP Exception Symfony\Component\HttpKernel\Exception\NotFoundHttpException: "No route found for "GET /bundles/stfalcontinymce/vendor/tiny_mce/tiny_mce.js"" at C:\wamp\www\fcpruisens\app\cache\prod\classes.php line 3599 [] []
[2013-03-23 19:41:28] request.ERROR: Uncaught PHP Exception Symfony\Component\HttpKernel\Exception\NotFoundHttpException: "No route found for "GET /bundles/stfalcontinymce/js/ready.min.js"" at C:\wamp\www\fcpruisens\app\cache\prod\classes.php line 3599 [] []
[2013-03-23 19:41:28] request.ERROR: Uncaught PHP Exception Symfony\Component\HttpKernel\Exception\NotFoundHttpException: "No route found for "GET /bundles/stfalcontinymce/js/init.standard.js"" at C:\wamp\www\fcpruisens\app\cache\prod\classes.php line 3599 [] []
[2013-03-23 19:41:30] request.ERROR: Uncaught PHP Exception Symfony\Component\HttpKernel\Exception\NotFoundHttpException: "No route found for "GET /bundles/stfalcontinymce/js/init.standard.js"" at C:\wamp\www\fcpruisens\app\cache\prod\classes.php line 3599 [] []
[2013-03-23 19:41:30] request.ERROR: Uncaught PHP Exception Symfony\Component\HttpKernel\Exception\NotFoundHttpException: "No route found for "GET /bundles/stfalcontinymce/vendor/tiny_mce/tiny_mce.js"" at C:\wamp\www\fcpruisens\app\cache\prod\classes.php line 3599 [] []
[2013-03-23 19:43:51] request.ERROR: Uncaught PHP Exception Symfony\Component\HttpKernel\Exception\NotFoundHttpException: "No route found for "GET /bundles/stfalcontinymce/js/init.standard.js"" at C:\wamp\www\fcpruisens\app\cache\prod\classes.php line 3599 [] []
[2013-03-23 19:43:51] request.ERROR: Uncaught PHP Exception Symfony\Component\HttpKernel\Exception\NotFoundHttpException: "No route found for "GET /bundles/stfalcontinymce/js/ready.min.js"" at C:\wamp\www\fcpruisens\app\cache\prod\classes.php line 3599 [] []
[2013-03-28 17:16:38] request.ERROR: Uncaught PHP Exception Symfony\Component\HttpKernel\Exception\NotFoundHttpException: "No route found for "GET /Nicolas%20Van%20Hoorde"" at C:\wamp\www\fcpruisens\app\cache\prod\classes.php line 3599 [] []
[2013-03-28 20:25:36] request.ERROR: Uncaught PHP Exception Symfony\Component\HttpKernel\Exception\NotFoundHttpException: "No route found for "GET /"" at C:\wamp\www\fcpruisens\app\cache\prod\classes.php line 3599 [] []
[2013-03-28 20:27:12] request.ERROR: Uncaught PHP Exception Symfony\Component\HttpKernel\Exception\NotFoundHttpException: "No route found for "GET /"" at C:\wamp\www\fcpruisens\app\cache\prod\classes.php line 3599 [] []
[2013-03-28 20:27:18] request.ERROR: Uncaught PHP Exception Symfony\Component\HttpKernel\Exception\NotFoundHttpException: "No route found for "GET /"" at C:\wamp\www\fcpruisens\app\cache\prod\classes.php line 3599 [] []
[2013-03-28 20:27:22] request.ERROR: Uncaught PHP Exception Symfony\Component\HttpKernel\Exception\NotFoundHttpException: "No route found for "GET /"" at C:\wamp\www\fcpruisens\app\cache\prod\classes.php line 3599 [] []
[2013-03-28 20:27:23] request.ERROR: Uncaught PHP Exception Symfony\Component\HttpKernel\Exception\NotFoundHttpException: "No route found for "GET /"" at C:\wamp\www\fcpruisens\app\cache\prod\classes.php line 3599 [] []
[2013-03-28 20:27:25] request.ERROR: Uncaught PHP Exception Symfony\Component\HttpKernel\Exception\NotFoundHttpException: "No route found for "GET /"" at C:\wamp\www\fcpruisens\app\cache\prod\classes.php line 3599 [] []
[2013-03-28 20:27:26] request.ERROR: Uncaught PHP Exception Symfony\Component\HttpKernel\Exception\NotFoundHttpException: "No route found for "GET /"" at C:\wamp\www\fcpruisens\app\cache\prod\classes.php line 3599 [] []
[2013-03-28 20:27:28] request.ERROR: Uncaught PHP Exception Symfony\Component\HttpKernel\Exception\NotFoundHttpException: "No route found for "GET /"" at C:\wamp\www\fcpruisens\app\cache\prod\classes.php line 3599 [] []
[2013-03-28 20:28:45] request.ERROR: Uncaught PHP Exception Symfony\Component\HttpKernel\Exception\NotFoundHttpException: "No route found for "GET /"" at C:\wamp\www\fcpruisens\app\cache\prod\classes.php line 3599 [] []
[2013-03-28 20:28:48] request.ERROR: Uncaught PHP Exception Symfony\Component\HttpKernel\Exception\NotFoundHttpException: "No route found for "GET /"" at C:\wamp\www\fcpruisens\app\cache\prod\classes.php line 3599 [] []
[2013-03-28 20:29:06] request.ERROR: Uncaught PHP Exception Symfony\Component\HttpKernel\Exception\NotFoundHttpException: "No route found for "GET /"" at C:\wamp\www\fcpruisens\app\cache\prod\classes.php line 3599 [] []
[2013-03-28 20:29:09] request.ERROR: Uncaught PHP Exception Symfony\Component\HttpKernel\Exception\NotFoundHttpException: "No route found for "GET /"" at C:\wamp\www\fcpruisens\app\cache\prod\classes.php line 3599 [] []
[2013-03-28 20:29:10] request.ERROR: Uncaught PHP Exception Symfony\Component\HttpKernel\Exception\NotFoundHttpException: "No route found for "GET /"" at C:\wamp\www\fcpruisens\app\cache\prod\classes.php line 3599 [] []
[2013-03-28 20:29:16] request.ERROR: Uncaught PHP Exception Symfony\Component\HttpKernel\Exception\NotFoundHttpException: "No route found for "GET /"" at C:\wamp\www\fcpruisens\app\cache\prod\classes.php line 3599 [] []
[2013-03-28 20:29:18] request.ERROR: Uncaught PHP Exception Symfony\Component\HttpKernel\Exception\NotFoundHttpException: "No route found for "GET /"" at C:\wamp\www\fcpruisens\app\cache\prod\classes.php line 3599 [] []
[2013-03-28 20:29:19] request.ERROR: Uncaught PHP Exception Symfony\Component\HttpKernel\Exception\NotFoundHttpException: "No route found for "GET /"" at C:\wamp\www\fcpruisens\app\cache\prod\classes.php line 3599 [] []
[2013-03-28 20:29:20] request.ERROR: Uncaught PHP Exception Symfony\Component\HttpKernel\Exception\NotFoundHttpException: "No route found for "GET /"" at C:\wamp\www\fcpruisens\app\cache\prod\classes.php line 3599 [] []
[2013-03-28 20:29:21] request.ERROR: Uncaught PHP Exception Symfony\Component\HttpKernel\Exception\NotFoundHttpException: "No route found for "GET /"" at C:\wamp\www\fcpruisens\app\cache\prod\classes.php line 3599 [] []
[2013-03-28 20:29:22] request.ERROR: Uncaught PHP Exception Symfony\Component\HttpKernel\Exception\NotFoundHttpException: "No route found for "GET /"" at C:\wamp\www\fcpruisens\app\cache\prod\classes.php line 3599 [] []
[2013-03-28 20:29:23] request.ERROR: Uncaught PHP Exception Symfony\Component\HttpKernel\Exception\NotFoundHttpException: "No route found for "GET /"" at C:\wamp\www\fcpruisens\app\cache\prod\classes.php line 3599 [] []
[2013-03-28 20:29:24] request.ERROR: Uncaught PHP Exception Symfony\Component\HttpKernel\Exception\NotFoundHttpException: "No route found for "GET /"" at C:\wamp\www\fcpruisens\app\cache\prod\classes.php line 3599 [] []
[2013-03-28 20:29:25] request.ERROR: Uncaught PHP Exception Symfony\Component\HttpKernel\Exception\NotFoundHttpException: "No route found for "GET /"" at C:\wamp\www\fcpruisens\app\cache\prod\classes.php line 3599 [] []
[2013-03-28 20:40:11] request.ERROR: Uncaught PHP Exception Symfony\Component\HttpKernel\Exception\NotFoundHttpException: "No route found for "GET /"" at C:\wamp\www\fcpruisens\app\cache\prod\classes.php line 3599 [] []
[2013-03-28 20:41:36] request.ERROR: Uncaught PHP Exception Symfony\Component\HttpKernel\Exception\NotFoundHttpException: "No route found for "GET /"" at C:\wamp\www\fcpruisens\app\cache\prod\classes.php line 3599 [] []
[2013-03-28 20:41:38] request.ERROR: Uncaught PHP Exception Symfony\Component\HttpKernel\Exception\NotFoundHttpException: "No route found for "GET /"" at C:\wamp\www\fcpruisens\app\cache\prod\classes.php line 3599 [] []
[2013-03-28 20:41:40] request.ERROR: Uncaught PHP Exception Symfony\Component\HttpKernel\Exception\NotFoundHttpException: "No route found for "GET /"" at C:\wamp\www\fcpruisens\app\cache\prod\classes.php line 3599 [] []
[2013-03-28 20:41:48] request.ERROR: Uncaught PHP Exception Symfony\Component\HttpKernel\Exception\NotFoundHttpException: "No route found for "GET /"" at C:\wamp\www\fcpruisens\app\cache\prod\classes.php line 3599 [] []
[2013-03-28 20:41:50] request.ERROR: Uncaught PHP Exception Symfony\Component\HttpKernel\Exception\NotFoundHttpException: "No route found for "GET /"" at C:\wamp\www\fcpruisens\app\cache\prod\classes.php line 3599 [] []
[2013-03-28 20:42:59] request.ERROR: Uncaught PHP Exception Symfony\Component\HttpKernel\Exception\NotFoundHttpException: "No route found for "GET /"" at C:\wamp\www\fcpruisens\app\cache\prod\classes.php line 3599 [] []
[2013-03-28 20:43:02] request.ERROR: Uncaught PHP Exception Symfony\Component\HttpKernel\Exception\NotFoundHttpException: "No route found for "GET /"" at C:\wamp\www\fcpruisens\app\cache\prod\classes.php line 3599 [] []
[2013-03-28 20:50:29] request.ERROR: Uncaught PHP Exception Symfony\Component\HttpKernel\Exception\NotFoundHttpException: "No route found for "GET /"" at C:\wamp\www\fcpruisens\app\cache\prod\classes.php line 3599 [] []
[2013-03-28 20:51:18] request.ERROR: Uncaught PHP Exception Symfony\Component\HttpKernel\Exception\NotFoundHttpException: "No route found for "GET /"" at C:\wamp\www\fcpruisens\app\cache\prod\classes.php line 3599 [] []
[2013-03-28 20:51:20] request.ERROR: Uncaught PHP Exception Symfony\Component\HttpKernel\Exception\NotFoundHttpException: "No route found for "GET /"" at C:\wamp\www\fcpruisens\app\cache\prod\classes.php line 3599 [] []
[2013-03-28 20:54:40] request.ERROR: Uncaught PHP Exception Symfony\Component\HttpKernel\Exception\NotFoundHttpException: "No route found for "GET /"" at C:\wamp\www\fcpruisens\app\cache\prod\classes.php line 3599 [] []
[2013-03-28 20:54:44] request.ERROR: Uncaught PHP Exception Symfony\Component\HttpKernel\Exception\NotFoundHttpException: "No route found for "GET /"" at C:\wamp\www\fcpruisens\app\cache\prod\classes.php line 3599 [] []
[2013-03-28 20:55:04] request.ERROR: Uncaught PHP Exception Symfony\Component\HttpKernel\Exception\NotFoundHttpException: "No route found for "GET /"" at C:\wamp\www\fcpruisens\app\cache\prod\classes.php line 3599 [] []
[2013-03-28 20:55:17] request.ERROR: Uncaught PHP Exception Symfony\Component\HttpKernel\Exception\NotFoundHttpException: "No route found for "GET /"" at C:\wamp\www\fcpruisens\app\cache\prod\classes.php line 3599 [] []
[2013-03-28 20:55:19] request.ERROR: Uncaught PHP Exception Symfony\Component\HttpKernel\Exception\NotFoundHttpException: "No route found for "GET /"" at C:\wamp\www\fcpruisens\app\cache\prod\classes.php line 3599 [] []
[2013-03-28 20:56:17] request.ERROR: Uncaught PHP Exception Symfony\Component\HttpKernel\Exception\NotFoundHttpException: "No route found for "GET /"" at C:\wamp\www\fcpruisens\app\cache\prod\classes.php line 3599 [] []
[2013-03-28 20:56:38] request.ERROR: Uncaught PHP Exception Symfony\Component\HttpKernel\Exception\NotFoundHttpException: "No route found for "GET /"" at C:\wamp\www\fcpruisens\app\cache\prod\classes.php line 3599 [] []
[2013-03-28 20:57:01] request.ERROR: Uncaught PHP Exception Symfony\Component\HttpKernel\Exception\NotFoundHttpException: "No route found for "GET /"" at C:\wamp\www\fcpruisens\app\cache\prod\classes.php line 3599 [] []
[2013-03-28 20:57:37] request.ERROR: Uncaught PHP Exception Symfony\Component\HttpKernel\Exception\NotFoundHttpException: "No route found for "GET /"" at C:\wamp\www\fcpruisens\app\cache\prod\classes.php line 3599 [] []
[2013-03-28 20:57:40] request.ERROR: Uncaught PHP Exception Symfony\Component\HttpKernel\Exception\NotFoundHttpException: "No route found for "GET /"" at C:\wamp\www\fcpruisens\app\cache\prod\classes.php line 3599 [] []
[2013-03-28 20:57:43] request.ERROR: Uncaught PHP Exception Symfony\Component\HttpKernel\Exception\NotFoundHttpException: "No route found for "GET /"" at C:\wamp\www\fcpruisens\app\cache\prod\classes.php line 3599 [] []
[2013-03-28 20:58:50] request.ERROR: Uncaught PHP Exception Symfony\Component\HttpKernel\Exception\NotFoundHttpException: "No route found for "GET /"" at C:\wamp\www\fcpruisens\app\cache\prod\classes.php line 3599 [] []
[2013-03-28 21:05:05] request.ERROR: Uncaught PHP Exception Symfony\Component\HttpKernel\Exception\NotFoundHttpException: "No route found for "GET /"" at C:\wamp\www\fcpruisens\app\cache\prod\classes.php line 3599 [] []
[2013-03-28 21:05:10] request.ERROR: Uncaught PHP Exception Symfony\Component\HttpKernel\Exception\NotFoundHttpException: "No route found for "GET /"" at C:\wamp\www\fcpruisens\app\cache\prod\classes.php line 3599 [] []
[2013-03-28 21:05:18] request.ERROR: Uncaught PHP Exception Symfony\Component\HttpKernel\Exception\NotFoundHttpException: "No route found for "GET /"" at C:\wamp\www\fcpruisens\app\cache\prod\classes.php line 3599 [] []
[2013-03-28 21:05:21] request.ERROR: Uncaught PHP Exception Symfony\Component\HttpKernel\Exception\NotFoundHttpException: "No route found for "GET /"" at C:\wamp\www\fcpruisens\app\cache\prod\classes.php line 3599 [] []
[2013-03-28 21:05:22] request.ERROR: Uncaught PHP Exception Symfony\Component\HttpKernel\Exception\NotFoundHttpException: "No route found for "GET /"" at C:\wamp\www\fcpruisens\app\cache\prod\classes.php line 3599 [] []
[2013-03-28 21:05:36] request.ERROR: Uncaught PHP Exception Symfony\Component\HttpKernel\Exception\NotFoundHttpException: "No route found for "GET /"" at C:\wamp\www\fcpruisens\app\cache\prod\classes.php line 3599 [] []
[2013-03-28 21:05:42] request.ERROR: Uncaught PHP Exception Symfony\Component\HttpKernel\Exception\NotFoundHttpException: "No route found for "GET /"" at C:\wamp\www\fcpruisens\app\cache\prod\classes.php line 3599 [] []
[2013-03-28 21:05:44] request.ERROR: Uncaught PHP Exception Symfony\Component\HttpKernel\Exception\NotFoundHttpException: "No route found for "GET /"" at C:\wamp\www\fcpruisens\app\cache\prod\classes.php line 3599 [] []
[2013-03-28 21:05:46] request.ERROR: Uncaught PHP Exception Symfony\Component\HttpKernel\Exception\NotFoundHttpException: "No route found for "GET /"" at C:\wamp\www\fcpruisens\app\cache\prod\classes.php line 3599 [] []
[2013-03-29 08:52:46] request.ERROR: Uncaught PHP Exception Symfony\Component\HttpKernel\Exception\NotFoundHttpException: "No route found for "GET /"" at C:\wamp\www\fcpruisens\app\cache\prod\classes.php line 3599 [] []
[2013-03-29 09:52:36] request.ERROR: Uncaught PHP Exception Symfony\Component\HttpKernel\Exception\NotFoundHttpException: "No route found for "GET /"" at C:\wamp\www\fcpruisens\app\cache\prod\classes.php line 3599 [] []
[2013-03-29 09:52:46] request.ERROR: Uncaught PHP Exception Symfony\Component\HttpKernel\Exception\NotFoundHttpException: "No route found for "GET /"" at C:\wamp\www\fcpruisens\app\cache\prod\classes.php line 3599 [] []
[2013-03-29 09:52:49] request.ERROR: Uncaught PHP Exception Symfony\Component\HttpKernel\Exception\NotFoundHttpException: "No route found for "GET /"" at C:\wamp\www\fcpruisens\app\cache\prod\classes.php line 3599 [] []
[2013-03-29 09:52:49] request.ERROR: Uncaught PHP Exception Symfony\Component\HttpKernel\Exception\NotFoundHttpException: "No route found for "GET /"" at C:\wamp\www\fcpruisens\app\cache\prod\classes.php line 3599 [] []
[2013-03-29 09:53:30] request.ERROR: Uncaught PHP Exception Symfony\Component\HttpKernel\Exception\NotFoundHttpException: "No route found for "GET /"" at C:\wamp\www\fcpruisens\app\cache\prod\classes.php line 3599 [] []
[2013-03-29 09:53:35] request.ERROR: Uncaught PHP Exception Symfony\Component\HttpKernel\Exception\NotFoundHttpException: "No route found for "GET /"" at C:\wamp\www\fcpruisens\app\cache\prod\classes.php line 3599 [] []
[2013-03-29 09:53:37] request.ERROR: Uncaught PHP Exception Symfony\Component\HttpKernel\Exception\NotFoundHttpException: "No route found for "GET /"" at C:\wamp\www\fcpruisens\app\cache\prod\classes.php line 3599 [] []
[2013-03-29 09:53:38] request.ERROR: Uncaught PHP Exception Symfony\Component\HttpKernel\Exception\NotFoundHttpException: "No route found for "GET /"" at C:\wamp\www\fcpruisens\app\cache\prod\classes.php line 3599 [] []
[2013-03-29 09:53:42] request.ERROR: Uncaught PHP Exception Symfony\Component\HttpKernel\Exception\NotFoundHttpException: "No route found for "GET /"" at C:\wamp\www\fcpruisens\app\cache\prod\classes.php line 3599 [] []
[2013-03-29 09:53:44] request.ERROR: Uncaught PHP Exception Symfony\Component\HttpKernel\Exception\NotFoundHttpException: "No route found for "GET /"" at C:\wamp\www\fcpruisens\app\cache\prod\classes.php line 3599 [] []
[2013-03-29 09:57:19] request.ERROR: Uncaught PHP Exception Symfony\Component\HttpKernel\Exception\NotFoundHttpException: "No route found for "GET /"" at C:\wamp\www\fcpruisens\app\cache\prod\classes.php line 3599 [] []
[2013-03-29 09:58:12] request.ERROR: Uncaught PHP Exception Symfony\Component\HttpKernel\Exception\NotFoundHttpException: "No route found for "GET /"" at C:\wamp\www\fcpruisens\app\cache\prod\classes.php line 3599 [] []
[2013-03-29 10:19:45] request.ERROR: Uncaught PHP Exception Symfony\Component\HttpKernel\Exception\NotFoundHttpException: "No route found for "GET /"" at C:\wamp\www\fcpruisens\app\cache\prod\classes.php line 3599 [] []
[2013-03-29 10:19:55] request.ERROR: Uncaught PHP Exception Symfony\Component\HttpKernel\Exception\NotFoundHttpException: "No route found for "GET /"" at C:\wamp\www\fcpruisens\app\cache\prod\classes.php line 3599 [] []
[2013-03-29 10:19:57] request.ERROR: Uncaught PHP Exception Symfony\Component\HttpKernel\Exception\NotFoundHttpException: "No route found for "GET /"" at C:\wamp\www\fcpruisens\app\cache\prod\classes.php line 3599 [] []
[2013-03-29 14:22:34] request.ERROR: Uncaught PHP Exception Symfony\Component\HttpKernel\Exception\NotFoundHttpException: "No route found for "GET /"" at C:\wamp\www\fcpruisens\app\cache\prod\classes.php line 3599 [] []
[2013-03-29 14:30:25] request.ERROR: Uncaught PHP Exception Symfony\Component\HttpKernel\Exception\NotFoundHttpException: "No route found for "GET /"" at C:\wamp\www\fcpruisens\app\cache\prod\classes.php line 3599 [] []
[2013-03-29 19:34:42] request.ERROR: Uncaught PHP Exception Symfony\Component\HttpKernel\Exception\NotFoundHttpException: "No route found for "GET /"" at C:\wamp\www\fcpruisens\app\cache\prod\classes.php line 3599 [] []
